<?xml version="1.0" encoding="UTF-8"?>
<!-- Generated by org.testng.reporters.JUnitReportReporter -->
<testsuite skipped="0" hostname="tester-VirtualBox" name="testCases.PregledZgradaTest" tests="1" failures="0" timestamp="06 Dec 2019 11:36:43 GMT" time="1.132" errors="0">
  <testcase name="PozitivanTestPretrageZgrade1" time="1.132" classname="testCases.PregledZgradaTest"/>
</testsuite> <!-- testCases.PregledZgradaTest -->
